<?xml version="1.0" encoding="UTF-8"?>
<!-- Generated by org.testng.reporters.JUnitXMLReporter -->
<testsuite hostname="CPX-8FA54U0ZFDB" ignored="0" name=" Web Browser Test on Chrome" tests="2" failures="0" timestamp="05 May 2019 19:29:41 GMT" time="93.179" errors="0">
  <testcase name="feature" time="13.874" classname="tests.cucumber.tests.RunCucumberFeatures"/>
  <testcase name="feature" time="61.719" classname="tests.cucumber.tests.RunCucumberFeatures"/>
</testsuite> <!--  Web Browser Test on Chrome -->
