<?xml version="1.0" encoding="UTF-8"?>
<!-- Generated by org.testng.reporters.JUnitXMLReporter -->
<testsuite hostname="CPX-8FA54U0ZFDB" ignored="0" name=" Web Browser Test on Chrome" tests="2" failures="0" timestamp="05 May 2019 19:46:58 GMT" time="82.889" errors="0">
  <testcase name="feature" time="12.383" classname="tests.cucumber.tests.RunCucumberFeatures"/>
  <testcase name="feature" time="60.997" classname="tests.cucumber.tests.RunCucumberFeatures"/>
</testsuite> <!--  Web Browser Test on Chrome -->
