<?xml version="1.0" encoding="UTF-8"?>
<!-- Generated by org.testng.reporters.JUnitXMLReporter -->
<testsuite hostname="CPX-8FA54U0ZFDB" ignored="0" name=" Web Browser Test on Chrome" tests="2" failures="0" timestamp="05 May 2019 19:39:06 GMT" time="94.498" errors="0">
  <testcase name="feature" time="12.183" classname="tests.cucumber.tests.RunCucumberFeatures"/>
  <testcase name="feature" time="65.325" classname="tests.cucumber.tests.RunCucumberFeatures"/>
</testsuite> <!--  Web Browser Test on Chrome -->
