<?xml version="1.0" encoding="UTF-8"?>
<testng-results skipped="0" failed="0" ignored="0" total="6" passed="6">
  <reporter-output>
  </reporter-output>
  <suite name="Parallel Execution-Test-Suite" duration-ms="196737" started-at="2019-05-06T20:14:22Z" finished-at="2019-05-06T20:17:39Z">
    <groups>
      <group name="cucumber">
        <method signature="RunCucumberFeatures.feature(cucumber.api.testng.CucumberFeatureWrapper)[pri:0, instance:tests.cucumber.tests.RunCucumberFeatures@5bda80bf]" name="feature" class="tests.cucumber.tests.RunCucumberFeatures"/>
        <method signature="RunCucumberFeatures.feature(cucumber.api.testng.CucumberFeatureWrapper)[pri:0, instance:tests.cucumber.tests.RunCucumberFeatures@25f7391e]" name="feature" class="tests.cucumber.tests.RunCucumberFeatures"/>
        <method signature="RunCucumberFeatures.feature(cucumber.api.testng.CucumberFeatureWrapper)[pri:0, instance:tests.cucumber.tests.RunCucumberFeatures@25bcd0c7]" name="feature" class="tests.cucumber.tests.RunCucumberFeatures"/>
      </group> <!-- cucumber -->
    </groups>
    <test name=" Test 3 - Chrome Web Browser " duration-ms="97084" started-at="2019-05-06T20:14:22Z" finished-at="2019-05-06T20:15:59Z">
      <class name="tests.cucumber.tests.RunCucumberFeatures">
        <test-method status="PASS" signature="setUpClass()[pri:0, instance:tests.cucumber.tests.RunCucumberFeatures@25bcd0c7]" name="setUpClass" is-config="true" duration-ms="1108" started-at="2019-05-06T20:14:22Z" finished-at="2019-05-06T20:14:23Z">
          <reporter-output>
          </reporter-output>
        </test-method> <!-- setUpClass -->
        <test-method status="PASS" signature="setup(java.lang.String, java.lang.String, java.lang.String, java.lang.String, java.lang.String, java.lang.String, java.lang.String)[pri:0, instance:tests.cucumber.tests.RunCucumberFeatures@25bcd0c7]" name="setup" is-config="true" duration-ms="8536" started-at="2019-05-06T20:14:23Z" finished-at="2019-05-06T20:14:32Z">
          <params>
            <param index="0">
              <value is-null="true"/>
            </param>
            <param index="1">
              <value is-null="true"/>
            </param>
            <param index="2">
              <value is-null="true"/>
            </param>
            <param index="3">
              <value is-null="true"/>
            </param>
            <param index="4">
              <value is-null="true"/>
            </param>
            <param index="5">
              <value is-null="true"/>
            </param>
            <param index="6">
              <value>
                <![CDATA[web]]>
              </value>
            </param>
          </params>
          <reporter-output>
          </reporter-output>
        </test-method> <!-- setup -->
        <test-method status="PASS" signature="feature(cucumber.api.testng.CucumberFeatureWrapper)[pri:0, instance:tests.cucumber.tests.RunCucumberFeatures@25bcd0c7]" name="feature" duration-ms="12697" started-at="2019-05-06T20:14:32Z" description="Runs LoginCandiate Feature" data-provider="features" finished-at="2019-05-06T20:14:45Z">
          <params>
            <param index="0">
              <value>
                <![CDATA[Validate new changes for AIB Personal Web Chat Form]]>
              </value>
            </param>
          </params>
          <reporter-output>
          </reporter-output>
        </test-method> <!-- feature -->
        <test-method status="PASS" signature="teardown()[pri:0, instance:tests.cucumber.tests.RunCucumberFeatures@25bcd0c7]" name="teardown" is-config="true" duration-ms="484" started-at="2019-05-06T20:14:45Z" finished-at="2019-05-06T20:14:46Z">
          <reporter-output>
          </reporter-output>
        </test-method> <!-- teardown -->
        <test-method status="PASS" signature="setup(java.lang.String, java.lang.String, java.lang.String, java.lang.String, java.lang.String, java.lang.String, java.lang.String)[pri:0, instance:tests.cucumber.tests.RunCucumberFeatures@25bcd0c7]" name="setup" is-config="true" duration-ms="5748" started-at="2019-05-06T20:14:46Z" finished-at="2019-05-06T20:14:51Z">
          <params>
            <param index="0">
              <value is-null="true"/>
            </param>
            <param index="1">
              <value is-null="true"/>
            </param>
            <param index="2">
              <value is-null="true"/>
            </param>
            <param index="3">
              <value is-null="true"/>
            </param>
            <param index="4">
              <value is-null="true"/>
            </param>
            <param index="5">
              <value is-null="true"/>
            </param>
            <param index="6">
              <value>
                <![CDATA[web]]>
              </value>
            </param>
          </params>
          <reporter-output>
          </reporter-output>
        </test-method> <!-- setup -->
        <test-method status="PASS" signature="feature(cucumber.api.testng.CucumberFeatureWrapper)[pri:0, instance:tests.cucumber.tests.RunCucumberFeatures@25bcd0c7]" name="feature" duration-ms="65245" started-at="2019-05-06T20:14:51Z" description="Runs LoginCandiate Feature" data-provider="features" finished-at="2019-05-06T20:15:57Z">
          <params>
            <param index="0">
              <value>
                <![CDATA[Validate new changes for AIB Personal FX form]]>
              </value>
            </param>
          </params>
          <reporter-output>
          </reporter-output>
        </test-method> <!-- feature -->
        <test-method status="PASS" signature="teardown()[pri:0, instance:tests.cucumber.tests.RunCucumberFeatures@25bcd0c7]" name="teardown" is-config="true" duration-ms="2045" started-at="2019-05-06T20:15:57Z" finished-at="2019-05-06T20:15:59Z">
          <reporter-output>
          </reporter-output>
        </test-method> <!-- teardown -->
        <test-method status="PASS" signature="tearDownClass()[pri:0, instance:tests.cucumber.tests.RunCucumberFeatures@25bcd0c7]" name="tearDownClass" is-config="true" duration-ms="138" started-at="2019-05-06T20:15:59Z" finished-at="2019-05-06T20:15:59Z">
          <reporter-output>
          </reporter-output>
        </test-method> <!-- tearDownClass -->
      </class> <!-- tests.cucumber.tests.RunCucumberFeatures -->
    </test> <!--  Test 3 - Chrome Web Browser  -->
    <test name="Test 1 - Android device - Nexus-Android 9" duration-ms="175121" started-at="2019-05-06T20:14:22Z" finished-at="2019-05-06T20:17:17Z">
      <class name="tests.cucumber.tests.RunCucumberFeatures">
        <test-method status="PASS" signature="setUpClass()[pri:0, instance:tests.cucumber.tests.RunCucumberFeatures@5bda80bf]" name="setUpClass" is-config="true" duration-ms="1108" started-at="2019-05-06T20:14:22Z" finished-at="2019-05-06T20:14:23Z">
          <reporter-output>
          </reporter-output>
        </test-method> <!-- setUpClass -->
        <test-method status="PASS" signature="setup(java.lang.String, java.lang.String, java.lang.String, java.lang.String, java.lang.String, java.lang.String, java.lang.String)[pri:0, instance:tests.cucumber.tests.RunCucumberFeatures@5bda80bf]" name="setup" is-config="true" duration-ms="40067" started-at="2019-05-06T20:14:23Z" finished-at="2019-05-06T20:15:03Z">
          <params>
            <param index="0">
              <value>
                <![CDATA[Nexus]]>
              </value>
            </param>
            <param index="1">
              <value>
                <![CDATA[9]]>
              </value>
            </param>
            <param index="2">
              <value>
                <![CDATA[emulator-5554]]>
              </value>
            </param>
            <param index="3">
              <value>
                <![CDATA[4723]]>
              </value>
            </param>
            <param index="4">
              <value>
                <![CDATA[C:/Users/s.a.bose/workspace/appium/abc/ChromeDriver2.42/chromedriver.exe]]>
              </value>
            </param>
            <param index="5">
              <value>
                <![CDATA[9515]]>
              </value>
            </param>
            <param index="6">
              <value>
                <![CDATA[Android]]>
              </value>
            </param>
          </params>
          <reporter-output>
          </reporter-output>
        </test-method> <!-- setup -->
        <test-method status="PASS" signature="feature(cucumber.api.testng.CucumberFeatureWrapper)[pri:0, instance:tests.cucumber.tests.RunCucumberFeatures@5bda80bf]" name="feature" duration-ms="16146" started-at="2019-05-06T20:15:03Z" description="Runs LoginCandiate Feature" data-provider="features" finished-at="2019-05-06T20:15:20Z">
          <params>
            <param index="0">
              <value>
                <![CDATA[Validate new changes for AIB Personal Web Chat Form]]>
              </value>
            </param>
          </params>
          <reporter-output>
          </reporter-output>
        </test-method> <!-- feature -->
        <test-method status="PASS" signature="teardown()[pri:0, instance:tests.cucumber.tests.RunCucumberFeatures@5bda80bf]" name="teardown" is-config="true" duration-ms="5024" started-at="2019-05-06T20:15:20Z" finished-at="2019-05-06T20:15:25Z">
          <reporter-output>
          </reporter-output>
        </test-method> <!-- teardown -->
        <test-method status="PASS" signature="setup(java.lang.String, java.lang.String, java.lang.String, java.lang.String, java.lang.String, java.lang.String, java.lang.String)[pri:0, instance:tests.cucumber.tests.RunCucumberFeatures@5bda80bf]" name="setup" is-config="true" duration-ms="29899" started-at="2019-05-06T20:15:25Z" finished-at="2019-05-06T20:15:55Z">
          <params>
            <param index="0">
              <value>
                <![CDATA[Nexus]]>
              </value>
            </param>
            <param index="1">
              <value>
                <![CDATA[9]]>
              </value>
            </param>
            <param index="2">
              <value>
                <![CDATA[emulator-5554]]>
              </value>
            </param>
            <param index="3">
              <value>
                <![CDATA[4723]]>
              </value>
            </param>
            <param index="4">
              <value>
                <![CDATA[C:/Users/s.a.bose/workspace/appium/abc/ChromeDriver2.42/chromedriver.exe]]>
              </value>
            </param>
            <param index="5">
              <value>
                <![CDATA[9515]]>
              </value>
            </param>
            <param index="6">
              <value>
                <![CDATA[Android]]>
              </value>
            </param>
          </params>
          <reporter-output>
          </reporter-output>
        </test-method> <!-- setup -->
        <test-method status="PASS" signature="feature(cucumber.api.testng.CucumberFeatureWrapper)[pri:0, instance:tests.cucumber.tests.RunCucumberFeatures@5bda80bf]" name="feature" duration-ms="77193" started-at="2019-05-06T20:15:55Z" description="Runs LoginCandiate Feature" data-provider="features" finished-at="2019-05-06T20:17:12Z">
          <params>
            <param index="0">
              <value>
                <![CDATA[Validate new changes for AIB Personal FX form]]>
              </value>
            </param>
          </params>
          <reporter-output>
          </reporter-output>
        </test-method> <!-- feature -->
        <test-method status="PASS" signature="teardown()[pri:0, instance:tests.cucumber.tests.RunCucumberFeatures@5bda80bf]" name="teardown" is-config="true" duration-ms="4729" started-at="2019-05-06T20:17:12Z" finished-at="2019-05-06T20:17:17Z">
          <reporter-output>
          </reporter-output>
        </test-method> <!-- teardown -->
        <test-method status="PASS" signature="tearDownClass()[pri:0, instance:tests.cucumber.tests.RunCucumberFeatures@5bda80bf]" name="tearDownClass" is-config="true" duration-ms="392" started-at="2019-05-06T20:17:17Z" finished-at="2019-05-06T20:17:17Z">
          <reporter-output>
          </reporter-output>
        </test-method> <!-- tearDownClass -->
      </class> <!-- tests.cucumber.tests.RunCucumberFeatures -->
    </test> <!-- Test 1 - Android device - Nexus-Android 9 -->
    <test name="Test 2 - Android device - Pixel-Android 8" duration-ms="196737" started-at="2019-05-06T20:14:22Z" finished-at="2019-05-06T20:17:39Z">
      <class name="tests.cucumber.tests.RunCucumberFeatures">
        <test-method status="PASS" signature="setUpClass()[pri:0, instance:tests.cucumber.tests.RunCucumberFeatures@25f7391e]" name="setUpClass" is-config="true" duration-ms="1108" started-at="2019-05-06T20:14:22Z" finished-at="2019-05-06T20:14:23Z">
          <reporter-output>
          </reporter-output>
        </test-method> <!-- setUpClass -->
        <test-method status="PASS" signature="setup(java.lang.String, java.lang.String, java.lang.String, java.lang.String, java.lang.String, java.lang.String, java.lang.String)[pri:0, instance:tests.cucumber.tests.RunCucumberFeatures@25f7391e]" name="setup" is-config="true" duration-ms="48837" started-at="2019-05-06T20:14:23Z" finished-at="2019-05-06T20:15:12Z">
          <params>
            <param index="0">
              <value>
                <![CDATA[Pixel]]>
              </value>
            </param>
            <param index="1">
              <value>
                <![CDATA[8.0.0]]>
              </value>
            </param>
            <param index="2">
              <value>
                <![CDATA[emulator-5556]]>
              </value>
            </param>
            <param index="3">
              <value>
                <![CDATA[4724]]>
              </value>
            </param>
            <param index="4">
              <value>
                <![CDATA[C:/Users/s.a.bose/workspace/appium/abc/ChromeDriver2.28/chromedriver.exe]]>
              </value>
            </param>
            <param index="5">
              <value>
                <![CDATA[9516]]>
              </value>
            </param>
            <param index="6">
              <value>
                <![CDATA[Android]]>
              </value>
            </param>
          </params>
          <reporter-output>
          </reporter-output>
        </test-method> <!-- setup -->
        <test-method status="PASS" signature="feature(cucumber.api.testng.CucumberFeatureWrapper)[pri:0, instance:tests.cucumber.tests.RunCucumberFeatures@25f7391e]" name="feature" duration-ms="14355" started-at="2019-05-06T20:15:12Z" description="Runs LoginCandiate Feature" data-provider="features" finished-at="2019-05-06T20:15:27Z">
          <params>
            <param index="0">
              <value>
                <![CDATA[Validate new changes for AIB Personal Web Chat Form]]>
              </value>
            </param>
          </params>
          <reporter-output>
          </reporter-output>
        </test-method> <!-- feature -->
        <test-method status="PASS" signature="teardown()[pri:0, instance:tests.cucumber.tests.RunCucumberFeatures@25f7391e]" name="teardown" is-config="true" duration-ms="5461" started-at="2019-05-06T20:15:27Z" finished-at="2019-05-06T20:15:32Z">
          <reporter-output>
          </reporter-output>
        </test-method> <!-- teardown -->
        <test-method status="PASS" signature="setup(java.lang.String, java.lang.String, java.lang.String, java.lang.String, java.lang.String, java.lang.String, java.lang.String)[pri:0, instance:tests.cucumber.tests.RunCucumberFeatures@25f7391e]" name="setup" is-config="true" duration-ms="49355" started-at="2019-05-06T20:15:32Z" finished-at="2019-05-06T20:16:21Z">
          <params>
            <param index="0">
              <value>
                <![CDATA[Pixel]]>
              </value>
            </param>
            <param index="1">
              <value>
                <![CDATA[8.0.0]]>
              </value>
            </param>
            <param index="2">
              <value>
                <![CDATA[emulator-5556]]>
              </value>
            </param>
            <param index="3">
              <value>
                <![CDATA[4724]]>
              </value>
            </param>
            <param index="4">
              <value>
                <![CDATA[C:/Users/s.a.bose/workspace/appium/abc/ChromeDriver2.28/chromedriver.exe]]>
              </value>
            </param>
            <param index="5">
              <value>
                <![CDATA[9516]]>
              </value>
            </param>
            <param index="6">
              <value>
                <![CDATA[Android]]>
              </value>
            </param>
          </params>
          <reporter-output>
          </reporter-output>
        </test-method> <!-- setup -->
        <test-method status="PASS" signature="feature(cucumber.api.testng.CucumberFeatureWrapper)[pri:0, instance:tests.cucumber.tests.RunCucumberFeatures@25f7391e]" name="feature" duration-ms="73375" started-at="2019-05-06T20:16:21Z" description="Runs LoginCandiate Feature" data-provider="features" finished-at="2019-05-06T20:17:35Z">
          <params>
            <param index="0">
              <value>
                <![CDATA[Validate new changes for AIB Personal FX form]]>
              </value>
            </param>
          </params>
          <reporter-output>
          </reporter-output>
        </test-method> <!-- feature -->
        <test-method status="PASS" signature="teardown()[pri:0, instance:tests.cucumber.tests.RunCucumberFeatures@25f7391e]" name="teardown" is-config="true" duration-ms="3728" started-at="2019-05-06T20:17:35Z" finished-at="2019-05-06T20:17:39Z">
          <reporter-output>
          </reporter-output>
        </test-method> <!-- teardown -->
        <test-method status="PASS" signature="tearDownClass()[pri:0, instance:tests.cucumber.tests.RunCucumberFeatures@25f7391e]" name="tearDownClass" is-config="true" duration-ms="38" started-at="2019-05-06T20:17:39Z" finished-at="2019-05-06T20:17:39Z">
          <reporter-output>
          </reporter-output>
        </test-method> <!-- tearDownClass -->
      </class> <!-- tests.cucumber.tests.RunCucumberFeatures -->
    </test> <!-- Test 2 - Android device - Pixel-Android 8 -->
  </suite> <!-- Parallel Execution-Test-Suite -->
</testng-results>
