<?xml version="1.0" encoding="UTF-8"?>
<!-- Generated by org.testng.reporters.JUnitXMLReporter -->
<testsuite hostname="CPX-8FA54U0ZFDB" ignored="0" name=" Test 3 - Chrome Web Browser " tests="2" failures="0" timestamp="06 May 2019 20:15:59 GMT" time="97.084" errors="0">
  <testcase name="feature" time="12.697" classname="tests.cucumber.tests.RunCucumberFeatures"/>
  <testcase name="feature" time="65.245" classname="tests.cucumber.tests.RunCucumberFeatures"/>
</testsuite> <!--  Test 3 - Chrome Web Browser  -->
