<?xml version="1.0" encoding="UTF-8"?>
<!-- Generated by org.testng.reporters.JUnitXMLReporter -->
<testsuite hostname="CPX-8FA54U0ZFDB" ignored="0" name="Test 1 - Android device - Nexus-Android 9" tests="2" failures="0" timestamp="06 May 2019 20:17:17 GMT" time="175.121" errors="0">
  <testcase name="feature" time="16.146" classname="tests.cucumber.tests.RunCucumberFeatures"/>
  <testcase name="feature" time="77.193" classname="tests.cucumber.tests.RunCucumberFeatures"/>
</testsuite> <!-- Test 1 - Android device - Nexus-Android 9 -->
