<?xml version="1.0" encoding="UTF-8"?>
<!-- Generated by org.testng.reporters.JUnitXMLReporter -->
<testsuite hostname="CPX-8FA54U0ZFDB" ignored="0" name="Test 2 - Android device - Pixel-Android 8" tests="2" failures="0" timestamp="06 May 2019 20:17:39 GMT" time="196.737" errors="0">
  <testcase name="feature" time="14.355" classname="tests.cucumber.tests.RunCucumberFeatures"/>
  <testcase name="feature" time="73.375" classname="tests.cucumber.tests.RunCucumberFeatures"/>
</testsuite> <!-- Test 2 - Android device - Pixel-Android 8 -->
